<?xml version="1.0" encoding="UTF-8"?>
<!-- Generated by org.testng.reporters.JUnitReportReporter -->
<testsuite hostname="paradox" name="com.codingparadox.NewTest" tests="2" failures="0" timestamp="14 Nov 2016 09:40:31 GMT" time="0.201" errors="0">
  <testcase name="databaseSetup" time="0.005" classname="com.codingparadox.NewTest"/>
  <testcase name="all" time="0.196" classname="com.codingparadox.NewTest"/>
</testsuite> <!-- com.codingparadox.NewTest -->
