<?xml version="1.0" encoding="UTF-8"?>
<!-- Generated by org.testng.reporters.JUnitReportReporter -->
<testsuite hostname="paradox" name="com.codingparadox.BaseTest" tests="1" failures="0" timestamp="14 Nov 2016 11:10:27 GMT" time="0.008" errors="0">
  <testcase name="test" time="0.008" classname="com.codingparadox.BaseTest"/>
</testsuite> <!-- com.codingparadox.BaseTest -->
