<?xml version="1.0" encoding="UTF-8"?>
<!-- Generated by org.testng.reporters.JUnitReportReporter -->
<testsuite hostname="paradox" name="com.codingparadox.FunctionalTest" tests="2" failures="0" timestamp="15 Nov 2016 08:45:55 GMT" time="1.791" errors="0">
  <testcase name="test" time="0.001" classname="com.codingparadox.FunctionalTest"/>
  <testcase name="insertNewPost" time="1.790" classname="com.codingparadox.FunctionalTest"/>
</testsuite> <!-- com.codingparadox.FunctionalTest -->
